This is pdfTeX, Version 3.1415926-2.3-1.40.12 (MiKTeX 2.9) (preloaded format=pdflatex 2012.5.3)  4 MAY 2012 11:52
entering extended mode
**CS12420_AberPizzaAssignement_stk4.tex

(C:\Users\Stefan\Dropbox\eclipse\AberPizza\LaTex\CS12420_AberPizzaAssignement_s
tk4.tex
LaTeX2e <2011/06/27>
Babel <v3.8m> and hyphenation patterns for english, afrikaans, ancientgreek, ar
abic, armenian, assamese, basque, bengali, bokmal, bulgarian, catalan, coptic, 
croatian, czech, danish, dutch, esperanto, estonian, farsi, finnish, french, ga
lician, german, german-x-2009-06-19, greek, gujarati, hindi, hungarian, iceland
ic, indonesian, interlingua, irish, italian, kannada, kurmanji, lao, latin, lat
vian, lithuanian, malayalam, marathi, mongolian, mongolianlmc, monogreek, ngerm
an, ngerman-x-2009-06-19, nynorsk, oriya, panjabi, pinyin, polish, portuguese, 
romanian, russian, sanskrit, serbian, slovak, slovenian, spanish, swedish, swis
sgerman, tamil, telugu, turkish, turkmen, ukenglish, ukrainian, uppersorbian, u
senglishmax, welsh, loaded.
("C:\Program Files\MiKTeX 2.9\tex\latex\base\article.cls"
Document Class: article 2007/10/19 v1.4h Standard LaTeX document class
("C:\Program Files\MiKTeX 2.9\tex\latex\base\size11.clo"
File: size11.clo 2007/10/19 v1.4h Standard LaTeX file (size option)
)
\c@part=\count79
\c@section=\count80
\c@subsection=\count81
\c@subsubsection=\count82
\c@paragraph=\count83
\c@subparagraph=\count84
\c@figure=\count85
\c@table=\count86
\abovecaptionskip=\skip41
\belowcaptionskip=\skip42
\bibindent=\dimen102
)
("C:\Program Files\MiKTeX 2.9\tex\latex\base\inputenc.sty"
Package: inputenc 2008/03/30 v1.1d Input encoding file
\inpenc@prehook=\toks14
\inpenc@posthook=\toks15

("C:\Program Files\MiKTeX 2.9\tex\latex\base\latin1.def"
File: latin1.def 2008/03/30 v1.1d Input encoding file
))
("C:\Program Files\MiKTeX 2.9\tex\latex\ams\math\amsmath.sty"
Package: amsmath 2000/07/18 v2.13 AMS math features
\@mathmargin=\skip43

For additional information on amsmath, use the `?' option.
("C:\Program Files\MiKTeX 2.9\tex\latex\ams\math\amstext.sty"
Package: amstext 2000/06/29 v2.01

("C:\Program Files\MiKTeX 2.9\tex\latex\ams\math\amsgen.sty"
File: amsgen.sty 1999/11/30 v2.0
\@emptytoks=\toks16
\ex@=\dimen103
))
("C:\Program Files\MiKTeX 2.9\tex\latex\ams\math\amsbsy.sty"
Package: amsbsy 1999/11/29 v1.2d
\pmbraise@=\dimen104
)
("C:\Program Files\MiKTeX 2.9\tex\latex\ams\math\amsopn.sty"
Package: amsopn 1999/12/14 v2.01 operator names
)
\inf@bad=\count87
LaTeX Info: Redefining \frac on input line 211.
\uproot@=\count88
\leftroot@=\count89
LaTeX Info: Redefining \overline on input line 307.
\classnum@=\count90
\DOTSCASE@=\count91
LaTeX Info: Redefining \ldots on input line 379.
LaTeX Info: Redefining \dots on input line 382.
LaTeX Info: Redefining \cdots on input line 467.
\Mathstrutbox@=\box26
\strutbox@=\box27
\big@size=\dimen105
LaTeX Font Info:    Redeclaring font encoding OML on input line 567.
LaTeX Font Info:    Redeclaring font encoding OMS on input line 568.
\macc@depth=\count92
\c@MaxMatrixCols=\count93
\dotsspace@=\muskip10
\c@parentequation=\count94
\dspbrk@lvl=\count95
\tag@help=\toks17
\row@=\count96
\column@=\count97
\maxfields@=\count98
\andhelp@=\toks18
\eqnshift@=\dimen106
\alignsep@=\dimen107
\tagshift@=\dimen108
\tagwidth@=\dimen109
\totwidth@=\dimen110
\lineht@=\dimen111
\@envbody=\toks19
\multlinegap=\skip44
\multlinetaggap=\skip45
\mathdisplay@stack=\toks20
LaTeX Info: Redefining \[ on input line 2666.
LaTeX Info: Redefining \] on input line 2667.
)
("C:\Program Files\MiKTeX 2.9\tex\latex\amsfonts\amsfonts.sty"
Package: amsfonts 2009/06/22 v3.00 Basic AMSFonts support
\symAMSa=\mathgroup4
\symAMSb=\mathgroup5
LaTeX Font Info:    Overwriting math alphabet `\mathfrak' in version `bold'
(Font)                  U/euf/m/n --> U/euf/b/n on input line 96.
)
("C:\Program Files\MiKTeX 2.9\tex\latex\amsfonts\amssymb.sty"
Package: amssymb 2009/06/22 v3.00
)
("C:\Program Files\MiKTeX 2.9\tex\latex\graphics\graphicx.sty"
Package: graphicx 1999/02/16 v1.0f Enhanced LaTeX Graphics (DPC,SPQR)

("C:\Program Files\MiKTeX 2.9\tex\latex\graphics\keyval.sty"
Package: keyval 1999/03/16 v1.13 key=value parser (DPC)
\KV@toks@=\toks21
)
("C:\Program Files\MiKTeX 2.9\tex\latex\graphics\graphics.sty"
Package: graphics 2009/02/05 v1.0o Standard LaTeX Graphics (DPC,SPQR)

("C:\Program Files\MiKTeX 2.9\tex\latex\graphics\trig.sty"
Package: trig 1999/03/16 v1.09 sin cos tan (DPC)
)
("C:\Program Files\MiKTeX 2.9\tex\latex\00miktex\graphics.cfg"
File: graphics.cfg 2007/01/18 v1.5 graphics configuration of teTeX/TeXLive
)
Package graphics Info: Driver file: pdftex.def on input line 91.

("C:\Program Files\MiKTeX 2.9\tex\latex\pdftex-def\pdftex.def"
File: pdftex.def 2011/05/27 v0.06d Graphics/color for pdfTeX

("C:\Program Files\MiKTeX 2.9\tex\generic\oberdiek\infwarerr.sty"
Package: infwarerr 2010/04/08 v1.3 Providing info/warning/message (HO)
)
("C:\Program Files\MiKTeX 2.9\tex\generic\oberdiek\ltxcmds.sty"
Package: ltxcmds 2011/04/18 v1.20 LaTeX kernel commands for general use (HO)
)
\Gread@gobject=\count99
))
\Gin@req@height=\dimen112
\Gin@req@width=\dimen113
)
("C:\Program Files\MiKTeX 2.9\tex\latex\tools\longtable.sty"
Package: longtable 2004/02/01 v4.11 Multi-page Table package (DPC)
\LTleft=\skip46
\LTright=\skip47
\LTpre=\skip48
\LTpost=\skip49
\LTchunksize=\count100
\LTcapwidth=\dimen114
\LT@head=\box28
\LT@firsthead=\box29
\LT@foot=\box30
\LT@lastfoot=\box31
\LT@cols=\count101
\LT@rows=\count102
\c@LT@tables=\count103
\c@LT@chunks=\count104
\LT@p@ftn=\toks22
)
(C:\Users\Stefan\Dropbox\eclipse\AberPizza\LaTex\CS12420_AberPizzaAssignement_s
tk4.aux)
LaTeX Font Info:    Checking defaults for OML/cmm/m/it on input line 10.
LaTeX Font Info:    ... okay on input line 10.
LaTeX Font Info:    Checking defaults for T1/cmr/m/n on input line 10.
LaTeX Font Info:    ... okay on input line 10.
LaTeX Font Info:    Checking defaults for OT1/cmr/m/n on input line 10.
LaTeX Font Info:    ... okay on input line 10.
LaTeX Font Info:    Checking defaults for OMS/cmsy/m/n on input line 10.
LaTeX Font Info:    ... okay on input line 10.
LaTeX Font Info:    Checking defaults for OMX/cmex/m/n on input line 10.
LaTeX Font Info:    ... okay on input line 10.
LaTeX Font Info:    Checking defaults for U/cmr/m/n on input line 10.
LaTeX Font Info:    ... okay on input line 10.

(C:\Users\Stefan\AppData\Roaming\MiKTeX\2.9\tex\context\base\supp-pdf.mkii
[Loading MPS to PDF converter (version 2006.09.02).]
\scratchcounter=\count105
\scratchdimen=\dimen115
\scratchbox=\box32
\nofMPsegments=\count106
\nofMParguments=\count107
\everyMPshowfont=\toks23
\MPscratchCnt=\count108
\MPscratchDim=\dimen116
\MPnumerator=\count109
\makeMPintoPDFobject=\count110
\everyMPtoPDFconversion=\toks24
) [1

{C:/Users/Stefan/AppData/Local/MiKTeX/2.9/pdftex/config/pdftex.map}]
(C:\Users\Stefan\Dropbox\eclipse\AberPizza\LaTex\CS12420_AberPizzaAssignement_s
tk4.toc)
\tf@toc=\write3
 [2] [3] <../Dia/intitialDesign.PNG, id=14, 657.2053pt x 447.17062pt>
File: ../Dia/intitialDesign.PNG Graphic file (type png)

<use ../Dia/intitialDesign.PNG>
Package pdftex.def Info: ../Dia/intitialDesign.PNG used on input line 43.
(pdftex.def)             Requested size: 360.0pt x 244.9484pt.

<../Dia/classDiagram.png, id=16, 1409.265pt x 1287.81125pt>
File: ../Dia/classDiagram.png Graphic file (type png)

<use ../Dia/classDiagram.png>
Package pdftex.def Info: ../Dia/classDiagram.png used on input line 53.
(pdftex.def)             Requested size: 360.0pt x 328.96721pt.


LaTeX Warning: `h' float specifier changed to `ht'.

[4 <C:/Users/Stefan/Dropbox/eclipse/AberPizza/Dia/intitialDesign.PNG>] [5 <C:/U
sers/Stefan/Dropbox/eclipse/AberPizza/Dia/classDiagram.png>]
<../Dia/dataDiagram.png, id=24, 1061.9675pt x 1218.5525pt>
File: ../Dia/dataDiagram.png Graphic file (type png)

<use ../Dia/dataDiagram.png>
Package pdftex.def Info: ../Dia/dataDiagram.png used on input line 71.
(pdftex.def)             Requested size: 360.0pt x 413.0752pt.
 [6 <C:/Users/Stefan/Dropbox/eclipse/AberPizza/Dia/dataDiagram.png>] <../Dia/gu
iDiagram.png, id=28, 1593.955pt x 1244.65pt>
File: ../Dia/guiDiagram.png Graphic file (type png)

<use ../Dia/guiDiagram.png>
Package pdftex.def Info: ../Dia/guiDiagram.png used on input line 84.
(pdftex.def)             Requested size: 360.0pt x 281.0977pt.
 [7 <C:/Users/Stefan/Dropbox/eclipse/AberPizza/Dia/guiDiagram.png>] <../Dia/use
-case.PNG, id=33, 501.37312pt x 416.30531pt>
File: ../Dia/use-case.PNG Graphic file (type png)

<use ../Dia/use-case.PNG>
Package pdftex.def Info: ../Dia/use-case.PNG used on input line 98.
(pdftex.def)             Requested size: 360.0pt x 298.93285pt.
 [8 <C:/Users/Stefan/Dropbox/eclipse/AberPizza/Dia/use-case.PNG>]
LaTeX Font Info:    Try loading font information for OMS+cmr on input line 114.

 ("C:\Program Files\MiKTeX 2.9\tex\latex\base\omscmr.fd"
File: omscmr.fd 1999/05/25 v2.5h Standard LaTeX font definitions
)
LaTeX Font Info:    Font shape `OMS/cmr/m/n' in size <10.95> not available
(Font)              Font shape `OMS/cmsy/m/n' tried instead on input line 114.
 [9]
[10] [11]
Overfull \hbox (20.11818pt too wide) in paragraph at lines 193--193
[]|\OT1/cmr/m/n/10.95 Requirements/Test| 
 []


Overfull \hbox (10.29362pt too wide) in paragraph at lines 193--193
[]|\OT1/cmr/m/n/10.95 ActionPerformed| 
 []


Underfull \hbox (badness 1675) in paragraph at lines 194--194
[]|\OT1/cmr/m/n/10.95 loads start-up
 []


Underfull \hbox (badness 10000) in paragraph at lines 195--195
[]|\OT1/cmr/m/n/10.95 selecting the
 []


Underfull \hbox (badness 10000) in paragraph at lines 195--195
\OT1/cmr/m/n/10.95 "Medium"
 []


Underfull \hbox (badness 10000) in paragraph at lines 195--195
[]|\OT1/cmr/m/n/10.95 changes the
 []


Underfull \hbox (badness 10000) in paragraph at lines 195--195
\OT1/cmr/m/n/10.95 shown Menu
 []


Underfull \hbox (badness 10000) in paragraph at lines 195--195
\OT1/cmr/m/n/10.95 to Medium
 []


Underfull \hbox (badness 10000) in paragraph at lines 196--196
[]|\OT1/cmr/m/n/10.95 selecting
 []


Underfull \hbox (badness 10000) in paragraph at lines 196--196
\OT1/cmr/m/n/10.95 the "Small"
 []


Underfull \hbox (badness 10000) in paragraph at lines 196--196
[]|\OT1/cmr/m/n/10.95 changes the
 []


Underfull \hbox (badness 10000) in paragraph at lines 196--196
\OT1/cmr/m/n/10.95 shown Menu
 []


Underfull \hbox (badness 10000) in paragraph at lines 197--197
[]|\OT1/cmr/m/n/10.95 clicking the
 []


Underfull \hbox (badness 10000) in paragraph at lines 197--197
\OT1/cmr/m/n/10.95 "Drinks"
 []


Underfull \hbox (badness 10000) in paragraph at lines 197--197
[]|\OT1/cmr/m/n/10.95 Showing the
 []


Underfull \hbox (badness 10000) in paragraph at lines 198--198
[]|\OT1/cmr/m/n/10.95 Clicking the
 []


Underfull \hbox (badness 10000) in paragraph at lines 198--198
\OT1/cmr/m/n/10.95 "Sides" But-
 []


Underfull \hbox (badness 10000) in paragraph at lines 198--198
[]|\OT1/cmr/m/n/10.95 Showing the
 []


Underfull \hbox (badness 10000) in paragraph at lines 199--199
[]|\OT1/cmr/m/n/10.95 Clicking the
 []


Underfull \hbox (badness 10000) in paragraph at lines 199--199
\OT1/cmr/m/n/10.95 "Pizza" But-
 []


Underfull \hbox (badness 10000) in paragraph at lines 199--199
[]|\OT1/cmr/m/n/10.95 Shows the
 []


Underfull \hbox (badness 10000) in paragraph at lines 199--199
\OT1/cmr/m/n/10.95 Pizza Menu
 []


Underfull \hbox (badness 10000) in paragraph at lines 199--199
\OT1/cmr/m/n/10.95 ac-cord-ing to
 []


Underfull \hbox (badness 10000) in paragraph at lines 199--199
\OT1/cmr/m/n/10.95 the cho-sen
 []


Underfull \hbox (badness 2237) in paragraph at lines 200--200
\OT1/cmr/m/n/10.95 on the Menu
 []


Underfull \hbox (badness 10000) in paragraph at lines 201--201
[]|\OT1/cmr/m/n/10.95 pressing
 []


Underfull \hbox (badness 1424) in paragraph at lines 201--201
\OT1/cmr/m/n/10.95 af-ter se-lect-ing
 []


Underfull \hbox (badness 5431) in paragraph at lines 201--201
[]|\OT1/cmr/m/n/10.95 adds the se-
 []


Underfull \hbox (badness 10000) in paragraph at lines 202--202
[]|\OT1/cmr/m/n/10.95 Adding the
 []


Underfull \hbox (badness 4013) in paragraph at lines 202--202
\OT1/cmr/m/n/10.95 pre-vi-ous item
 []


Underfull \hbox (badness 6220) in paragraph at lines 202--202
[]|\OT1/cmr/m/n/10.95 higher s the
 []


Underfull \hbox (badness 1205) in paragraph at lines 203--203
[]|\OT1/cmr/m/n/10.95 Adding dif-fer-
 []


Underfull \hbox (badness 3884) in paragraph at lines 203--203
\OT1/cmr/m/n/10.95 Items to the
 []


Underfull \hbox (badness 10000) in paragraph at lines 204--204
[]|\OT1/cmr/m/n/10.95 Checks if
 []


Underfull \hbox (badness 10000) in paragraph at lines 204--204
\OT1/cmr/m/n/10.95 name is set
 []


Underfull \hbox (badness 10000) in paragraph at lines 204--204
\OT1/cmr/m/n/10.95 be-fore you
 []


Underfull \hbox (badness 10000) in paragraph at lines 204--204
\OT1/cmr/m/n/10.95 click "Pay"
 []


Underfull \hbox (badness 2205) in paragraph at lines 205--205
\OT1/cmr/m/n/10.95 till us-ing the
 []


Underfull \hbox (badness 10000) in paragraph at lines 205--205
[]|\OT1/cmr/m/n/10.95 deletes the
 []


Underfull \hbox (badness 10000) in paragraph at lines 205--205
\OT1/cmr/m/n/10.95 cur-rent or-der
 []


Underfull \hbox (badness 10000) in paragraph at lines 205--205
\OT1/cmr/m/n/10.95 and re-sets
 []


Underfull \hbox (badness 10000) in paragraph at lines 205--205
\OT1/cmr/m/n/10.95 ev-ery-thing
 []


Underfull \hbox (badness 10000) in paragraph at lines 205--205
\OT1/cmr/m/n/10.95 to Stan-dard
 []


Underfull \hbox (badness 10000) in paragraph at lines 206--206
[]|\OT1/cmr/m/n/10.95 closing pro-
 []


Underfull \hbox (badness 10000) in paragraph at lines 206--206
\OT1/cmr/m/n/10.95 gram from
 []


Underfull \hbox (badness 2165) in paragraph at lines 207--207
\OT1/cmr/m/n/10.95 is cho-sen be-
 []


Underfull \hbox (badness 2460) in paragraph at lines 207--207
\OT1/cmr/m/n/10.95 lected re-turns
 []


Underfull \hbox (badness 10000) in paragraph at lines 208--208
[]|\OT1/cmr/m/n/10.95 saves till as
 []


Underfull \hbox (badness 10000) in paragraph at lines 209--209
[]|\OT1/cmr/m/n/10.95 resets ev-
 []


Underfull \hbox (badness 10000) in paragraph at lines 209--209
\OT1/cmr/m/n/10.95 ery-thing to
 []


Underfull \hbox (badness 10000) in paragraph at lines 209--209
\OT1/cmr/m/n/10.95 stan-dard
 []


Underfull \hbox (badness 5231) in paragraph at lines 209--209
\OT1/cmr/m/n/10.95 start-up af-ter
 []


Underfull \hbox (badness 6575) in paragraph at lines 210--210
[]|\OT1/cmr/m/n/10.95 start till for
 []


Underfull \hbox (badness 10000) in paragraph at lines 210--210
[]|\OT1/cmr/m/n/10.95 not im-ple-
 []


Underfull \hbox (badness 10000) in paragraph at lines 211--211
[]|\OT1/cmr/m/n/10.95 calculated
 []


Underfull \hbox (badness 10000) in paragraph at lines 211--211
[]|\OT1/cmr/m/n/10.95 works but
 []


Underfull \hbox (badness 6691) in paragraph at lines 211--211
\OT1/cmr/m/n/10.95 print out to
 []


Underfull \hbox (badness 10000) in paragraph at lines 212--212
[]|\OT1/cmr/m/n/10.95 not im-ple-
 []


Underfull \vbox (badness 10000) detected at line 212
 []


Underfull \hbox (badness 5217) in paragraph at lines 213--213
[]|\OT1/cmr/m/n/10.95 can be done
 []


Underfull \hbox (badness 10000) in paragraph at lines 213--213
\OT1/cmr/m/n/10.95 us-ing "File"
 []


Underfull \hbox (badness 10000) in paragraph at lines 214--214
[]|\OT1/cmr/m/n/10.95 not im-ple-
 []


Underfull \hbox (badness 10000) in paragraph at lines 215--215
[]|\OT1/cmr/m/n/10.95 not im-ple-
 []


Underfull \hbox (badness 10000) in paragraph at lines 216--216
[]|\OT1/cmr/m/n/10.95 not im-ple-
 []


Underfull \hbox (badness 6608) in paragraph at lines 217--217
[]|\OT1/cmr/m/n/10.95 close till for
 []


Underfull \hbox (badness 10000) in paragraph at lines 217--217
[]|\OT1/cmr/m/n/10.95 not im-ple-
 []


Underfull \hbox (badness 10000) in paragraph at lines 218--218
[]|\OT1/cmr/m/n/10.95 if empty it
 []


Underfull \hbox (badness 10000) in paragraph at lines 218--218
\OT1/cmr/m/n/10.95 and pre-vents
 []

[12] [13] [14] <../Sceenshots/Capture.PNG, id=58, 481.8pt x 572.1375pt>
File: ../Sceenshots/Capture.PNG Graphic file (type png)

<use ../Sceenshots/Capture.PNG>
Package pdftex.def Info: ../Sceenshots/Capture.PNG used on input line 233.
(pdftex.def)             Requested size: 192.71658pt x 228.85094pt.

<../Sceenshots/Capture1.PNG, id=59, 481.8pt x 572.1375pt>
File: ../Sceenshots/Capture1.PNG Graphic file (type png)

<use ../Sceenshots/Capture1.PNG>
Package pdftex.def Info: ../Sceenshots/Capture1.PNG used on input line 239.
(pdftex.def)             Requested size: 192.71658pt x 228.85094pt.

<../Sceenshots/Capture2.PNG, id=60, 481.8pt x 572.1375pt>
File: ../Sceenshots/Capture2.PNG Graphic file (type png)

<use ../Sceenshots/Capture2.PNG>
Package pdftex.def Info: ../Sceenshots/Capture2.PNG used on input line 245.
(pdftex.def)             Requested size: 192.71658pt x 228.85094pt.

<../Sceenshots/Capture3.PNG, id=61, 481.8pt x 572.1375pt>
File: ../Sceenshots/Capture3.PNG Graphic file (type png)

<use ../Sceenshots/Capture3.PNG>
Package pdftex.def Info: ../Sceenshots/Capture3.PNG used on input line 251.
(pdftex.def)             Requested size: 192.71658pt x 228.85094pt.

<../Sceenshots/Capture4.PNG, id=62, 481.8pt x 572.1375pt>
File: ../Sceenshots/Capture4.PNG Graphic file (type png)

<use ../Sceenshots/Capture4.PNG>
Package pdftex.def Info: ../Sceenshots/Capture4.PNG used on input line 257.
(pdftex.def)             Requested size: 192.71658pt x 228.85094pt.

<../Sceenshots/Capture5.PNG, id=63, 481.8pt x 572.1375pt>
File: ../Sceenshots/Capture5.PNG Graphic file (type png)

<use ../Sceenshots/Capture5.PNG>
Package pdftex.def Info: ../Sceenshots/Capture5.PNG used on input line 263.
(pdftex.def)             Requested size: 192.71658pt x 228.85094pt.

<../Sceenshots/Capture6.PNG, id=64, 481.8pt x 572.1375pt>
File: ../Sceenshots/Capture6.PNG Graphic file (type png)

<use ../Sceenshots/Capture6.PNG>
Package pdftex.def Info: ../Sceenshots/Capture6.PNG used on input line 269.
(pdftex.def)             Requested size: 192.71658pt x 228.85094pt.

<../Sceenshots/Capture7.PNG, id=65, 481.8pt x 572.1375pt>
File: ../Sceenshots/Capture7.PNG Graphic file (type png)

<use ../Sceenshots/Capture7.PNG>
Package pdftex.def Info: ../Sceenshots/Capture7.PNG used on input line 275.
(pdftex.def)             Requested size: 192.71658pt x 228.85094pt.

<../Sceenshots/Capture8.PNG, id=66, 481.8pt x 572.1375pt>
File: ../Sceenshots/Capture8.PNG Graphic file (type png)

<use ../Sceenshots/Capture8.PNG>
Package pdftex.def Info: ../Sceenshots/Capture8.PNG used on input line 281.
(pdftex.def)             Requested size: 192.71658pt x 228.85094pt.

<../Sceenshots/Capture9.PNG, id=67, 481.8pt x 572.1375pt>
File: ../Sceenshots/Capture9.PNG Graphic file (type png)

<use ../Sceenshots/Capture9.PNG>
Package pdftex.def Info: ../Sceenshots/Capture9.PNG used on input line 287.
(pdftex.def)             Requested size: 192.71658pt x 228.85094pt.

<../Sceenshots/Capture10.PNG, id=68, 476.53032pt x 571.38469pt>
File: ../Sceenshots/Capture10.PNG Graphic file (type png)

<use ../Sceenshots/Capture10.PNG>
Package pdftex.def Info: ../Sceenshots/Capture10.PNG used on input line 293.
(pdftex.def)             Requested size: 190.60875pt x 228.54982pt.

<../Sceenshots/Capture12.PNG, id=69, 481.8pt x 572.1375pt>
File: ../Sceenshots/Capture12.PNG Graphic file (type png)

<use ../Sceenshots/Capture12.PNG>
Package pdftex.def Info: ../Sceenshots/Capture12.PNG used on input line 300.
(pdftex.def)             Requested size: 192.71658pt x 228.85094pt.

<../Sceenshots/xmlSave.PNG, id=70, 713.66624pt x 491.58656pt>
File: ../Sceenshots/xmlSave.PNG Graphic file (type png)

<use ../Sceenshots/xmlSave.PNG>
Package pdftex.def Info: ../Sceenshots/xmlSave.PNG used on input line 306.
(pdftex.def)             Requested size: 285.46143pt x 196.63113pt.
File: ../Sceenshots/Capture.PNG Graphic file (type png)
 <use ../Sceenshots/Capture.PNG>
Package pdftex.def Info: ../Sceenshots/Capture.PNG used on input line 312.
(pdftex.def)             Requested size: 192.71658pt x 228.85094pt.

<../Sceenshots/noCheckout.PNG, id=71, 602.25pt x 452.4403pt>
File: ../Sceenshots/noCheckout.PNG Graphic file (type png)

<use ../Sceenshots/noCheckout.PNG>
Package pdftex.def Info: ../Sceenshots/noCheckout.PNG used on input line 318.
(pdftex.def)             Requested size: 240.89572pt x 180.97292pt.
 [15 <C:/Users/Stefan/Dropbox/eclipse/AberPizza/Sceenshots/Capture.PNG>] [16 <C
:/Users/Stefan/Dropbox/eclipse/AberPizza/Sceenshots/Capture1.PNG> <C:/Users/Ste
fan/Dropbox/eclipse/AberPizza/Sceenshots/Capture2.PNG>] [17 <C:/Users/Stefan/Dr
opbox/eclipse/AberPizza/Sceenshots/Capture3.PNG> <C:/Users/Stefan/Dropbox/eclip
se/AberPizza/Sceenshots/Capture4.PNG>]
[18 <C:/Users/Stefan/Dropbox/eclipse/AberPizza/Sceenshots/Capture5.PNG> <C:/Use
rs/Stefan/Dropbox/eclipse/AberPizza/Sceenshots/Capture6.PNG>] [19 <C:/Users/Ste
fan/Dropbox/eclipse/AberPizza/Sceenshots/Capture7.PNG> <C:/Users/Stefan/Dropbox
/eclipse/AberPizza/Sceenshots/Capture8.PNG>] [20 <C:/Users/Stefan/Dropbox/eclip
se/AberPizza/Sceenshots/Capture9.PNG> <C:/Users/Stefan/Dropbox/eclipse/AberPizz
a/Sceenshots/Capture10.PNG>] [21 <C:/Users/Stefan/Dropbox/eclipse/AberPizza/Sce
enshots/Capture12.PNG> <C:/Users/Stefan/Dropbox/eclipse/AberPizza/Sceenshots/xm
lSave.PNG>] [22 <C:/Users/Stefan/Dropbox/eclipse/AberPizza/Sceenshots/noCheckou
t.PNG>]
(C:\Users\Stefan\Dropbox\eclipse\AberPizza\LaTex\CS12420_AberPizzaAssignement_s
tk4.aux) ) 
Here is how much of TeX's memory you used:
 2213 strings out of 494045
 29026 string characters out of 3148385
 105501 words of memory out of 3000000
 5494 multiletter control sequences out of 15000+200000
 5110 words of font info for 19 fonts, out of 3000000 for 9000
 715 hyphenation exceptions out of 8191
 27i,6n,22p,604b,296s stack positions out of 5000i,500n,10000p,200000b,50000s
<C:/Program Files/MiKTeX 2.9/fonts/type1/public/amsfonts/cm/cmbx10.pf
b><C:/Program Files/MiKTeX 2.9/fonts/type1/public/amsfonts/cm/cmbx12.pfb><C:/Pr
ogram Files/MiKTeX 2.9/fonts/type1/public/amsfonts/cm/cmr10.pfb><C:/Program Fil
es/MiKTeX 2.9/fonts/type1/public/amsfonts/cm/cmsy10.pfb>
Output written on CS12420_AberPizzaAssignement_stk4.pdf (22 pages, 1388424 byte
s).
PDF statistics:
 125 PDF objects out of 1000 (max. 8388607)
 0 named destinations out of 1000 (max. 500000)
 96 words of extra memory for PDF output out of 10000 (max. 10000000)

